<?xml version="1.0" encoding="UTF-8"?>
<!-- Generated by org.testng.reporters.JUnitXMLReporter -->
<testsuite ignored="0" hostname="LAPTOP-HRS2VRND" failures="1" tests="2" name="CRM Tests" time="12.544" errors="0" timestamp="2022-04-21T11:36:56 CDT">
  <testcase classname="com.crm.qa.testcases.LoginTest" name="loginPageTitleTest" time="0.035">
    <failure type="java.lang.AssertionError" message="expected [Free CRM software for customer relationship management, sales, marketing campaigns and support] but found [Free CRM software for customer relationship management, sales, marketing campaigns and support.]">
      <![CDATA[java.lang.AssertionError: expected [Free CRM software for customer relationship management, sales, marketing campaigns and support] but found [Free CRM software for customer relationship management, sales, marketing campaigns and support.]
at com.crm.qa.testcases.LoginTest.loginPageTitleTest(LoginTest.java:29)
at java.base/java.util.ArrayList.forEach(ArrayList.java:1541)
... Removed 32 stack frames]]>
    </failure>
  </testcase> <!-- loginPageTitleTest -->
  <testcase classname="com.crm.qa.testcases.LoginTest" name="loginTest" time="1.472"/>
</testsuite> <!-- CRM Tests -->
